0 info it worked if it ends with ok
1 verbose cli [ '/usr/local/bin/node', '/usr/local/bin/npm', 'start' ]
2 info using npm@3.10.10
3 info using node@v6.11.3
4 verbose run-script [ 'prestart', 'start', 'poststart' ]
5 info lifecycle ast_lab_work@0.0.1~prestart: ast_lab_work@0.0.1
6 silly lifecycle ast_lab_work@0.0.1~prestart: no script for prestart, continuing
7 info lifecycle ast_lab_work@0.0.1~start: ast_lab_work@0.0.1
8 verbose lifecycle ast_lab_work@0.0.1~start: unsafe-perm in lifecycle true
9 verbose lifecycle ast_lab_work@0.0.1~start: PATH: /usr/local/lib/node_modules/npm/bin/node-gyp-bin:/Users/thomas/Desktop/ING5/Web/backend/ast_lab_charuel_marcucci/node_modules/.bin:/Users/thomas/anaconda3/bin:/Library/Frameworks/Python.framework/Versions/3.6/bin:/Library/Frameworks/Python.framework/Versions/3.6/bin:/Applications/MAMP/bin/php/php5.6.28/bin:/usr/local/bin:/usr/bin:/bin:/usr/sbin:/sbin:/Applications/Wireshark.app/Contents/MacOS:/Users/thomas/anaconda3/bin:/Library/Frameworks/Python.framework/Versions/3.6/bin:/Applications/MAMP/bin/php/php5.6.28/bin
10 verbose lifecycle ast_lab_work@0.0.1~start: CWD: /Users/thomas/Desktop/ING5/Web/backend/ast_lab_charuel_marcucci
11 silly lifecycle ast_lab_work@0.0.1~start: Args: [ '-c', 'bash ./bin/start' ]
12 silly lifecycle ast_lab_work@0.0.1~start: Returned: code: 1  signal: null
13 info lifecycle ast_lab_work@0.0.1~start: Failed to exec start script
14 verbose stack Error: ast_lab_work@0.0.1 start: `bash ./bin/start`
14 verbose stack Exit status 1
14 verbose stack     at EventEmitter.<anonymous> (/usr/local/lib/node_modules/npm/lib/utils/lifecycle.js:255:16)
14 verbose stack     at emitTwo (events.js:106:13)
14 verbose stack     at EventEmitter.emit (events.js:191:7)
14 verbose stack     at ChildProcess.<anonymous> (/usr/local/lib/node_modules/npm/lib/utils/spawn.js:40:14)
14 verbose stack     at emitTwo (events.js:106:13)
14 verbose stack     at ChildProcess.emit (events.js:191:7)
14 verbose stack     at maybeClose (internal/child_process.js:920:16)
14 verbose stack     at Process.ChildProcess._handle.onexit (internal/child_process.js:230:5)
15 verbose pkgid ast_lab_work@0.0.1
16 verbose cwd /Users/thomas/Desktop/ING5/Web/backend/ast_lab_charuel_marcucci
17 error Darwin 16.7.0
18 error argv "/usr/local/bin/node" "/usr/local/bin/npm" "start"
19 error node v6.11.3
20 error npm  v3.10.10
21 error code ELIFECYCLE
22 error ast_lab_work@0.0.1 start: `bash ./bin/start`
22 error Exit status 1
23 error Failed at the ast_lab_work@0.0.1 start script 'bash ./bin/start'.
23 error Make sure you have the latest version of node.js and npm installed.
23 error If you do, this is most likely a problem with the ast_lab_work package,
23 error not with npm itself.
23 error Tell the author that this fails on your system:
23 error     bash ./bin/start
23 error You can get information on how to open an issue for this project with:
23 error     npm bugs ast_lab_work
23 error Or if that isn't available, you can get their info via:
23 error     npm owner ls ast_lab_work
23 error There is likely additional logging output above.
24 verbose exit [ 1, true ]
